Arguments: 
  C:\Program Files\nodejs\node.exe C:\Program Files (x86)\Yarn\bin\yarn.js

PATH: 
  C:\WINDOWS\system32;C:\WINDOWS;C:\WINDOWS\System32\Wbem;C:\WINDOWS\System32\WindowsPowerShell\v1.0\;C:\Program Files (x86)\Yarn\bin\;C:\Program Files\Git\cmd;C:\Program Files\nodejs\;C:\Users\Rehan Mushtaq\AppData\Local\Programs\Microsoft VS Code\bin;C:\Users\Rehan Mushtaq\AppData\Local\Yarn\bin;C:\Users\Rehan Mushtaq\AppData\Roaming\npm;C:\Users\Rehan Mushtaq\AppData\Local\GitHubDesktop\bin

Yarn version: 
  1.22.5

Node version: 
  14.15.3

Platform: 
  win32 x64

Trace: 
  SyntaxError: F:\rtj-website\package.json: Unexpected token } in JSON at position 462
      at JSON.parse (<anonymous>)
      at C:\Program Files (x86)\Yarn\lib\cli.js:1625:59
      at Generator.next (<anonymous>)
      at step (C:\Program Files (x86)\Yarn\lib\cli.js:310:30)
      at C:\Program Files (x86)\Yarn\lib\cli.js:321:13

npm manifest: 
  {
    "name": "rtj-website",
    "version": "1.0.0",
    "license": "UNLICENSED",
    "private": true,
    "scripts": {
      "start": "react-scripts start",
      "build": "react-scripts build"
    },
    "dependencies": {
      "antd": "^3.26.11",
      "mdbreact": "^4.25.2",
      "node-sass": "4.14.1",
      "react": "^16.8.6",
      "react-dom": "^16.8.6",
      "react-reveal": "^1.2.2",
      "react-router-dom": "^5.1.2",
      "react-scripts": "^4.0.1",
      "sass-loader": "^8.0.2",
    },
    "browserslist": {
      "production": [
        ">0.2%",
        "not dead",
        "not op_mini all"
      ],
      "development": [
        "last 1 chrome version",
        "last 1 firefox version",
        "last 1 safari version"
      ]
    }
  }

yarn manifest: 
  No manifest

Lockfile: 
  No lockfile
